#Log File Created On: 03/30/2020 10:50:38
[Level: 3] 2020-03-30 10:50:38 send_login_req recv data£º{
	"SUID" : "100003",
	"data" : "",
	"errCode" : 0,
	"errMsg" : "successful",
	"msgType" : 1001
}

[Level: 3] 2020-03-31 09:21:19 send_login_req recv data£º{
	"SUID" : "100003",
	"data" : "",
	"errCode" : 0,
	"errMsg" : "successful",
	"msgType" : 1001
}

[Level: 3] 2020-03-31 09:22:59 send_login_req recv data£º{
	"SUID" : "100003",
	"data" : "",
	"errCode" : 0,
	"errMsg" : "successful",
	"msgType" : 1001
}

[Level: 3] 2020-03-31 09:26:37 send_login_req recv data£º{
	"SUID" : "100003",
	"data" : "",
	"errCode" : 0,
	"errMsg" : "successful",
	"msgType" : 1001
}

[Level: 3] 2020-03-31 16:49:30 send_login_req recv data£º{
	"SUID" : "100003",
	"data" : "",
	"errCode" : 0,
	"errMsg" : "successful",
	"msgType" : 1001
}

[Level: 3] 2020-03-31 16:51:50 send_login_req recv data£º{
	"SUID" : "100003",
	"data" : "",
	"errCode" : 0,
	"errMsg" : "successful",
	"msgType" : 1001
}

[Level: 3] 2020-03-31 16:52:49 send_login_req recv data£º{
	"SUID" : "100003",
	"data" : "",
	"errCode" : 0,
	"errMsg" : "successful",
	"msgType" : 1001
}

[Level: 3] 2020-03-31 16:55:02 send_login_req recv data£º{
	"SUID" : "100003",
	"data" : "",
	"errCode" : 0,
	"errMsg" : "successful",
	"msgType" : 1001
}

[Level: 3] 2020-03-31 16:56:23 send_login_req recv data£º{
	"SUID" : "100003",
	"data" : "",
	"errCode" : 0,
	"errMsg" : "successful",
	"msgType" : 1001
}

[Level: 3] 2020-03-31 16:57:13 send_login_req recv data£º{
	"SUID" : "100003",
	"data" : "",
	"errCode" : 0,
	"errMsg" : "successful",
	"msgType" : 1001
}

[Level: 3] 2020-03-31 16:58:06 send_login_req recv data£º{
	"SUID" : "100003",
	"data" : "",
	"errCode" : 0,
	"errMsg" : "successful",
	"msgType" : 1001
}

[Level: 3] 2020-03-31 16:59:04 send_login_req recv data£º{
	"SUID" : "100003",
	"data" : "",
	"errCode" : 0,
	"errMsg" : "successful",
	"msgType" : 1001
}

[Level: 3] 2020-03-31 16:59:45 send_login_req recv data£º{
	"SUID" : "100003",
	"data" : "",
	"errCode" : 0,
	"errMsg" : "successful",
	"msgType" : 1001
}

[Level: 3] 2020-03-31 17:02:27 send_login_req recv data£º{
	"SUID" : "100003",
	"data" : "",
	"errCode" : 0,
	"errMsg" : "successful",
	"msgType" : 1001
}

[Level: 3] 2020-03-31 17:06:52 send_login_req recv data£º{
	"SUID" : "100003",
	"data" : "",
	"errCode" : 0,
	"errMsg" : "successful",
	"msgType" : 1001
}

[Level: 3] 2020-03-31 17:07:52 send_login_req recv data£º{
	"SUID" : "100003",
	"data" : "",
	"errCode" : 0,
	"errMsg" : "successful",
	"msgType" : 1001
}

