#Log File Created On: 12/27/2019 09:56:40
[Level: 3] 2019-12-27 09:56:40 send_login_req recv data£º{
	"SUID" : "100003",
	"data" : "",
	"errCode" : 0,
	"errMsg" : "successful",
	"msgType" : 1001
}

[Level: 3] 2019-12-27 10:05:10 send_login_req recv data£º{
	"SUID" : "100003",
	"data" : "",
	"errCode" : 0,
	"errMsg" : "successful",
	"msgType" : 1001
}

[Level: 3] 2019-12-27 10:06:27 send_login_req recv data£º{
	"SUID" : "100003",
	"data" : "",
	"errCode" : 0,
	"errMsg" : "successful",
	"msgType" : 1001
}

[Level: 3] 2019-12-27 10:17:38 send_login_req recv data£º{
	"SUID" : "100003",
	"data" : "",
	"errCode" : 0,
	"errMsg" : "successful",
	"msgType" : 1001
}

[Level: 3] 2019-12-27 10:26:51 send_login_req recv data£º{
	"SUID" : "100003",
	"data" : "",
	"errCode" : 0,
	"errMsg" : "successful",
	"msgType" : 1001
}

[Level: 3] 2019-12-27 10:33:34 send_login_req recv data£º{
	"SUID" : "100003",
	"data" : "",
	"errCode" : 0,
	"errMsg" : "successful",
	"msgType" : 1001
}

[Level: 3] 2019-12-27 10:37:04 send_login_req recv data£º{
	"SUID" : "100003",
	"data" : "",
	"errCode" : 0,
	"errMsg" : "successful",
	"msgType" : 1001
}

[Level: 3] 2019-12-27 10:40:31 send_login_req recv data£º{
	"SUID" : "100003",
	"data" : "",
	"errCode" : 0,
	"errMsg" : "successful",
	"msgType" : 1001
}

[Level: 3] 2019-12-27 14:07:20 send_login_req recv data£º{
	"SUID" : "100003",
	"data" : "",
	"errCode" : 0,
	"errMsg" : "successful",
	"msgType" : 1001
}

[Level: 3] 2019-12-27 14:28:53 send_login_req recv data£º{
	"SUID" : "100003",
	"data" : "",
	"errCode" : 0,
	"errMsg" : "successful",
	"msgType" : 1001
}

[Level: 3] 2019-12-27 23:18:27 send_login_req recv data£º{
	"SUID" : "100003",
	"data" : "",
	"errCode" : 0,
	"errMsg" : "successful",
	"msgType" : 1001
}

[Level: 3] 2019-12-28 08:27:33 send_login_req recv data£º{
	"SUID" : "100003",
	"data" : "",
	"errCode" : 0,
	"errMsg" : "successful",
	"msgType" : 1001
}

[Level: 3] 2019-12-28 08:29:29 send_login_req recv data£º{
	"SUID" : "100003",
	"data" : "",
	"errCode" : 0,
	"errMsg" : "successful",
	"msgType" : 1001
}

[Level: 3] 2019-12-28 09:01:58 send_login_req recv data£º{
	"SUID" : "100003",
	"data" : "",
	"errCode" : 0,
	"errMsg" : "successful",
	"msgType" : 1001
}

[Level: 3] 2019-12-28 09:06:13 send_login_req recv data£º{
	"SUID" : "100003",
	"data" : "",
	"errCode" : 0,
	"errMsg" : "successful",
	"msgType" : 1001
}

[Level: 3] 2019-12-28 11:25:11 send_login_req recv data£º{
	"SUID" : "100003",
	"data" : "",
	"errCode" : 0,
	"errMsg" : "successful",
	"msgType" : 1001
}

[Level: 3] 2019-12-28 16:43:55 send_login_req recv data£º{
	"SUID" : "100003",
	"data" : "",
	"errCode" : 0,
	"errMsg" : "successful",
	"msgType" : 1001
}

[Level: 3] 2019-12-29 08:59:11 send_login_req recv data£º{
	"SUID" : "100003",
	"data" : "",
	"errCode" : 0,
	"errMsg" : "successful",
	"msgType" : 1001
}

[Level: 3] 2019-12-29 09:01:33 send_login_req recv data£º{
	"SUID" : "100003",
	"data" : "",
	"errCode" : 0,
	"errMsg" : "successful",
	"msgType" : 1001
}

[Level: 3] 2019-12-29 09:03:12 send_login_req recv data£º{
	"SUID" : "100003",
	"data" : "",
	"errCode" : 0,
	"errMsg" : "successful",
	"msgType" : 1001
}

[Level: 3] 2019-12-29 09:10:36 send_login_req recv data£º{
	"SUID" : "100003",
	"data" : "",
	"errCode" : 0,
	"errMsg" : "successful",
	"msgType" : 1001
}

