#Log File Created On: 05/19/2020 15:53:44
[Level: 3] 2020-05-19 15:53:44 send_login_req recv data£º{
	"SUID" : "100003",
	"data" : "",
	"errCode" : 0,
	"errMsg" : "successful",
	"msgType" : 1001
}

[Level: 3] 2020-05-19 15:55:24 send_login_req recv data£º{
	"SUID" : "100003",
	"data" : "",
	"errCode" : 0,
	"errMsg" : "successful",
	"msgType" : 1001
}

[Level: 3] 2020-05-19 15:58:32 send_login_req recv data£º{
	"SUID" : "100003",
	"data" : "",
	"errCode" : 0,
	"errMsg" : "successful",
	"msgType" : 1001
}

